[debug] [2021-04-22T22:15:08.072Z] ----------------------------------------------------------------------
[debug] [2021-04-22T22:15:08.075Z] Command:       /home/jb-inc/.nvm/versions/node/v14.10.1/bin/node /home/jb-inc/.nvm/versions/node/v14.10.1/bin/firebase deploy
[debug] [2021-04-22T22:15:08.076Z] CLI Version:   9.3.0
[debug] [2021-04-22T22:15:08.076Z] Platform:      linux
[debug] [2021-04-22T22:15:08.076Z] Node Version:  v14.10.1
[debug] [2021-04-22T22:15:08.077Z] Time:          Thu Apr 22 2021 23:15:08 GMT+0100 (West Africa Standard Time)
[debug] [2021-04-22T22:15:08.077Z] ----------------------------------------------------------------------
[debug] [2021-04-22T22:15:08.077Z] 
[debug] [2021-04-22T22:15:08.085Z] > command requires scopes: ["email","openid","https://www.googleapis.com/auth/cloudplatformprojects.readonly","https://www.googleapis.com/auth/firebase","https://www.googleapis.com/auth/cloud-platform"]
[debug] [2021-04-22T22:15:08.086Z] > authorizing via signed-in user
[debug] [2021-04-22T22:15:08.087Z] [iam] checking project home-of-flavours for permissions ["firebase.projects.get","firebasehosting.sites.update"]
[debug] [2021-04-22T22:15:08.090Z] > refreshing access token with scopes: ["email","https://www.googleapis.com/auth/cloud-platform","https://www.googleapis.com/auth/cloudplatformprojects.readonly","https://www.googleapis.com/auth/firebase","openid"]
[debug] [2021-04-22T22:15:08.090Z] >>> HTTP REQUEST POST https://www.googleapis.com/oauth2/v3/token  
 <request body omitted>
[debug] [2021-04-22T22:15:09.364Z] <<< HTTP RESPONSE 200 {"date":"Thu, 22 Apr 2021 22:15:09 GMT","cache-control":"no-cache, no-store, max-age=0, must-revalidate","expires":"Mon, 01 Jan 1990 00:00:00 GMT","pragma":"no-cache","content-type":"application/json; charset=utf-8","vary":"X-Origin, Referer, Origin,Accept-Encoding","server":"scaffolding on HTTPServer2","x-xss-protection":"0","x-frame-options":"SAMEORIGIN","x-content-type-options":"nosniff","alt-svc":"h3-29=\":443\"; ma=2592000,h3-T051=\":443\"; ma=2592000,h3-Q050=\":443\"; ma=2592000,h3-Q046=\":443\"; ma=2592000,h3-Q043=\":443\"; ma=2592000,quic=\":443\"; ma=2592000; v=\"46,43\"","accept-ranges":"none","transfer-encoding":"chunked"}
[debug] [2021-04-22T22:15:09.410Z] >>> HTTP REQUEST POST https://cloudresourcemanager.googleapis.com/v1/projects/home-of-flavours:testIamPermissions  
 {"permissions":["firebase.projects.get","firebasehosting.sites.update"]}
[debug] [2021-04-22T22:15:11.510Z] <<< HTTP RESPONSE 200 {"content-type":"application/json; charset=UTF-8","vary":"X-Origin, Referer, Origin,Accept-Encoding","date":"Thu, 22 Apr 2021 22:15:11 GMT","server":"ESF","cache-control":"private","x-xss-protection":"0","x-frame-options":"SAMEORIGIN","x-content-type-options":"nosniff","server-timing":"gfet4t7; dur=554","alt-svc":"h3-29=\":443\"; ma=2592000,h3-T051=\":443\"; ma=2592000,h3-Q050=\":443\"; ma=2592000,h3-Q046=\":443\"; ma=2592000,h3-Q043=\":443\"; ma=2592000,quic=\":443\"; ma=2592000; v=\"46,43\"","accept-ranges":"none","transfer-encoding":"chunked"}
[debug] [2021-04-22T22:15:11.514Z] > refreshing access token with scopes: []
[debug] [2021-04-22T22:15:11.515Z] >>> HTTP REQUEST POST https://www.googleapis.com/oauth2/v3/token  
 <request body omitted>
[debug] [2021-04-22T22:15:12.842Z] <<< HTTP RESPONSE 200 {"pragma":"no-cache","date":"Thu, 22 Apr 2021 22:15:12 GMT","cache-control":"no-cache, no-store, max-age=0, must-revalidate","expires":"Mon, 01 Jan 1990 00:00:00 GMT","content-type":"application/json; charset=utf-8","vary":"X-Origin, Referer, Origin,Accept-Encoding","server":"scaffolding on HTTPServer2","x-xss-protection":"0","x-frame-options":"SAMEORIGIN","x-content-type-options":"nosniff","alt-svc":"h3-29=\":443\"; ma=2592000,h3-T051=\":443\"; ma=2592000,h3-Q050=\":443\"; ma=2592000,h3-Q046=\":443\"; ma=2592000,h3-Q043=\":443\"; ma=2592000,quic=\":443\"; ma=2592000; v=\"46,43\"","accept-ranges":"none","transfer-encoding":"chunked"}
[debug] [2021-04-22T22:15:12.879Z] >>> [apiv2][query] GET https://firebase.googleapis.com/v1beta1/projects/home-of-flavours [none]
[debug] [2021-04-22T22:15:13.700Z] <<< [apiv2][status] GET https://firebase.googleapis.com/v1beta1/projects/home-of-flavours 200
[debug] [2021-04-22T22:15:13.701Z] <<< [apiv2][body] GET https://firebase.googleapis.com/v1beta1/projects/home-of-flavours {"projectId":"home-of-flavours","projectNumber":"561601877010","displayName":"Home of Flavours","name":"projects/home-of-flavours","resources":{"hostingSite":"home-of-flavours"},"state":"ACTIVE"}
[info] 
[info] === Deploying to 'home-of-flavours'...
[info] 
[info] i  deploying hosting 
[debug] [2021-04-22T22:15:13.709Z] > refreshing access token with scopes: ["email","https://www.googleapis.com/auth/cloud-platform","https://www.googleapis.com/auth/cloudplatformprojects.readonly","https://www.googleapis.com/auth/firebase","openid"]
[debug] [2021-04-22T22:15:13.709Z] >>> HTTP REQUEST POST https://www.googleapis.com/oauth2/v3/token  
 <request body omitted>
[debug] [2021-04-22T22:15:14.581Z] <<< HTTP RESPONSE 200 {"cache-control":"no-cache, no-store, max-age=0, must-revalidate","expires":"Mon, 01 Jan 1990 00:00:00 GMT","date":"Thu, 22 Apr 2021 22:15:14 GMT","pragma":"no-cache","content-type":"application/json; charset=utf-8","vary":"X-Origin, Referer, Origin,Accept-Encoding","server":"scaffolding on HTTPServer2","x-xss-protection":"0","x-frame-options":"SAMEORIGIN","x-content-type-options":"nosniff","alt-svc":"h3-29=\":443\"; ma=2592000,h3-T051=\":443\"; ma=2592000,h3-Q050=\":443\"; ma=2592000,h3-Q046=\":443\"; ma=2592000,h3-Q043=\":443\"; ma=2592000,quic=\":443\"; ma=2592000; v=\"46,43\"","accept-ranges":"none","transfer-encoding":"chunked"}
[debug] [2021-04-22T22:15:14.622Z] >>> HTTP REQUEST POST https://firebasehosting.googleapis.com/v1beta1/sites/home-of-flavours/versions  
 {"config":{"rewrites":[{"glob":"**","path":"/index.html"}]},"labels":{"deployment-tool":"cli-firebase"}}
[debug] [2021-04-22T22:15:17.040Z] <<< HTTP RESPONSE 200 {"content-type":"application/json; charset=UTF-8","vary":"X-Origin, Referer, Origin,Accept-Encoding","date":"Thu, 22 Apr 2021 22:15:16 GMT","server":"ESF","cache-control":"private","x-xss-protection":"0","x-frame-options":"SAMEORIGIN","x-content-type-options":"nosniff","alt-svc":"h3-29=\":443\"; ma=2592000,h3-T051=\":443\"; ma=2592000,h3-Q050=\":443\"; ma=2592000,h3-Q046=\":443\"; ma=2592000,h3-Q043=\":443\"; ma=2592000,quic=\":443\"; ma=2592000; v=\"46,43\"","accept-ranges":"none","transfer-encoding":"chunked"}
[info] i  hosting[home-of-flavours]: beginning deploy... 
[info] i  hosting[home-of-flavours]: found 66 files in build 
[debug] [2021-04-22T22:15:18.218Z] > refreshing access token with scopes: []
[debug] [2021-04-22T22:15:18.218Z] >>> HTTP REQUEST POST https://www.googleapis.com/oauth2/v3/token  
 <request body omitted>
[debug] [2021-04-22T22:15:18.221Z] [hosting] hash cache [YnVpbGQ] stored for 66 files
[debug] [2021-04-22T22:15:18.221Z] [hosting][hash queue][FINAL] {"max":1131,"min":103,"avg":411.30303030303025,"active":0,"complete":66,"success":66,"errored":0,"retried":0,"total":66,"elapsed":1143}
[debug] [2021-04-22T22:15:19.191Z] <<< HTTP RESPONSE 200 {"date":"Thu, 22 Apr 2021 22:15:18 GMT","expires":"Mon, 01 Jan 1990 00:00:00 GMT","cache-control":"no-cache, no-store, max-age=0, must-revalidate","pragma":"no-cache","content-type":"application/json; charset=utf-8","vary":"X-Origin, Referer, Origin,Accept-Encoding","server":"scaffolding on HTTPServer2","x-xss-protection":"0","x-frame-options":"SAMEORIGIN","x-content-type-options":"nosniff","alt-svc":"h3-29=\":443\"; ma=2592000,h3-T051=\":443\"; ma=2592000,h3-Q050=\":443\"; ma=2592000,h3-Q046=\":443\"; ma=2592000,h3-Q043=\":443\"; ma=2592000,quic=\":443\"; ma=2592000; v=\"46,43\"","accept-ranges":"none","transfer-encoding":"chunked"}
[debug] [2021-04-22T22:15:19.235Z] >>> [apiv2][query] POST https://firebasehosting.googleapis.com/v1beta1/sites/home-of-flavours/versions/9347510b0981cf64:populateFiles [none]
[debug] [2021-04-22T22:15:19.235Z] >>> [apiv2][body] POST https://firebasehosting.googleapis.com/v1beta1/sites/home-of-flavours/versions/9347510b0981cf64:populateFiles {"files":{"/404.html":"b7bab6b83fa074653ff28c8d2a64135d3434575f70a12ab3d3ba8080461b9537","/favicon.ico":"8bc77f561d1c50edd21ef9be6413d49b57e4686e3ae24a46c8b0d919cb6af88d","/index.html":"5d972cecf9c89b6c132e9b91824c420627fed843a6735bb63e68d8d0ea553593","/logo192.png":"8bc77f561d1c50edd21ef9be6413d49b57e4686e3ae24a46c8b0d919cb6af88d","/logo512.png":"8bc77f561d1c50edd21ef9be6413d49b57e4686e3ae24a46c8b0d919cb6af88d","/manifest.json":"0958a5e0c831126100c8c2d06a6bbaa665a3900f21aaff4130238a6f5a113aa1","/robots.txt":"2544ca049f223a42bff01f72ad930a5edba75bbb7199d0f8430a02ff5aca16ec","/static/css/2.d1550511.chunk.css":"23e8b11c08ca858dcafb4d420345b0e3f552c109cca2e3aedddd8593559062fb","/static/css/2.d1550511.chunk.css.map":"fe4e73caa5a72a5f6bdbc2f2a73753b7cd13d967491b8b740de4d77eae152cb5","/static/js/2.7be38b2a.chunk.js.LICENSE.txt":"d95a5e9291a51c316ab27b0c223d3d0e9ac508b6f7ce87deddeadef5a29bca79","/static/js/3.5e438797.chunk.js":"8fadbc48872a4e31c1d53d7c5c7d1a9332c0d8463e5263194fa4b9b969094b9b","/static/js/3.5e438797.chunk.js.map":"45942e35d65d4738e6af368361f95c264acf0142e98f47ae6e12a5009937cd5e","/static/js/runtime-main.43ca908a.js":"7927b0a9c3ad1fbd5461759f9e2979a586abc8991101c708c8049cd8deaf7478","/static/media/HOF-coloured.8b683d4e.png":"8bc77f561d1c50edd21ef9be6413d49b57e4686e3ae24a46c8b0d919cb6af88d","/static/media/HOF-white.8dfab711.png":"8c16f504c21f581ef1e8532cdef587eb6c5edbbd83bdff1f579dceccb58c923f","/static/js/runtime-main.43ca908a.js.map":"af41274dc675bdb3715e098825ed2c31ee5c74c6bb32ae76ff08b79608f4433e","/asset-manifest.json":"9377c3587f39893df9894658aa7b91cfa9084d3a191d326fbd4074709634d9d6","/static/media/House-Coloured.c3ffa971.png":"7d6220491adfe9a0ae67536680e2bf7f48c81e2632f0c09ed11795a89f7052c5","/static/media/House-white.e945bbba.png":"de958d95b7c504de6222af274ca429d816dcba68fca7cbb3ca9e0bed44f1a444","/static/css/main.a42192b6.chunk.css":"9afad0f396ebbbae597cce675b19f580436a726b274529b069a5390e50f31a3a","/static/js/main.6dea98fe.chunk.js":"8745883daec2592bdb825cc406caffe3c5ba694ce3bc2190d16cb53cf58a2fed","/static/media/bds-5.4bd22ba4.jpg":"147a2716b6f3cba0b5faceea207092c53cc245d25a3bd78d0d7507e016b04a2d","/static/media/jbInc.58e81519.png":"e42cbddcf3a49f128128bdae183e08594c556bd8264cbf61a3d209aac9dba1d8","/static/media/weds-3.f65edeac.jpg":"91e90254f57685241c55f6a2cd2c4bf413ab5fe16abb621def37f6f3f82bfa82","/static/media/weds-2.e3db876a.jpg":"f4860694c892a096c27203a65e874b119f5359142b4740a52209403526f9d994","/static/media/chris-2.e60c450c.jpg":"ed79fb03d77f7e079d5c13f4b0bbefb1004a22f680ccd08ad56545e6e1f8a4bd","/static/media/bds-4.3ebfa645.jpg":"27070aaf5197005f85c218d7b63f5f9bc97e2cd1981ac9bbeecb9e6c4e1bcca7","/static/media/vals-2.fa4b5f06.jpg":"a3db8b57c2c54fdb7de0087e25e068de61052c3745c964d841ecf42bc27cb9f6","/static/media/weds-4.c3a851ce.jpg":"eb3a26ad671e6389683a1e12c8c3132bcd9fb3dd6a5f806c90d1fd8b6428a8f5","/static/media/vals-3.1c464a72.jpg":"c3213bd2ba52dc0b392e4913edd8a5245a71f3ca21751d874f4c0c33931444d0","/static/media/cups-2.cb6bc0df.jpg":"0dc74703a1d57901f931beab6d4c1eedec59ab9579d26a59c672cd4904a25abd","/static/media/pans-3.030cd688.jpg":"f4e18f2f67438d3fa9fd1eb8cd1b8b3a667abb3caa276337a87650026c59e39c","/static/media/cups-3.dcf0bbe9.jpg":"bff7a702ca75b87f4694481622ce950d9ecdc841332a7496d83ee9ae4fcd80c1","/static/media/bds-3.223b1928.jpg":"2224b630783090fba719506337896f18572a78c480eaa1c0a5eb1ce921c8913f","/static/css/main.a42192b6.chunk.css.map":"08738c11e9105f32193e606456a0c218ad7b6416a3564a0ed2f6256ecbf3fb79","/static/media/weds-5.547c0ac2.jpg":"cf114eb8623d8c46b4d77f85d8f76d6f007ba448b97941c1aa7a78dcc213c805","/static/media/cups-5.469fa9a4.jpg":"4889abd6002f2d69ba546692e46aac081ac284a267cdc253ead0b9a8343f3a49","/static/media/weds-1.3f59a03c.jpg":"38b62de224a89b7e30ac8f44a12e4306aff8e2d43050a76d06ba626ccc8b2cd5","/static/media/chris-5.a6dde6f2.jpg":"217ad5dd969dfc48f9512048c4c8e2f5306c21c40822e9cb419c4e6a7f15c063","/static/media/cups-1.d5decbc3.jpg":"5be8f1a9566e546f9f15377a5167f781aa2ea0aff816aeeb73b4770eb54c7cd5","/static/media/don-5.9f0b7dae.jpg":"83836a2a6b5850e15453322fa76d283a180a78cf1cabbb7601bba425a8496c22","/static/media/vals-5.59e84485.jpg":"4e993a2a701e481eb16e8a24d970792d3e5b747b6d61471364321a2137414b50","/static/media/chris-1.522c0a83.jpg":"7b7017b13fec19706c2620b6300a33736ce6a5ea9ba4965a589935af4cae83eb","/static/media/don-1.fc64f5f3.jpg":"0629a1a5b21a8a0f881fc4b0aacd851be9463f771005a79b1c911482cae58b50","/static/media/bds-1.38c7d15d.jpg":"3c3fc18d7f448b86e8aa623941364d341f203f171f1e324e36cc154145b0ac65","/static/media/don-3.bcd2f3fe.jpg":"5ed30bf1988589b180027c4a167b6794ecc2c66df0f3fe1855c5ad17e4fedfab","/static/js/2.7be38b2a.chunk.js":"c793876958d1e7e7556f8e7590bcf1c92bbb269ef88970b45476a0ab1f4fbfb9","/static/media/bds-2.4c62223b.jpg":"c5e05a5b3eb4583a1bcb5013e8e404bec6a3bada0808ee8d16f6e23d1f1cfea0","/static/js/main.6dea98fe.chunk.js.map":"5e9d3ad3ae7219f71a3d3ed6935c5bf358a331ba14b440c3773e6a172856b4ed","/static/media/pans-5.fdd9b344.jpg":"756dcfbd479d10eae2a3cab3ed58380d4cf0daf1d33abafe9a1b19d2cd581cdf","/static/media/pans-4.0857088f.jpg":"407ea2ffa3b028d2c74ee250feb27e2c717099675c3cb8d31993f3a38753a949","/static/media/chris-4.a5887b64.jpg":"9060e42d1606a281cfb4a0bcd33bdd83c9fcef96a2fe2b14b6ae16a8117f0de4","/static/media/cups-4.0888b7ef.jpg":"54edcb690d161bd555d0d78de38a700ded4a5266e596662a79786f9ed592e167","/static/media/cookies-3.a1bc3397.jpg":"3576eaf89c1e690d705bca85a77cc4b9958dbef7106a0eca0092d506c326f021","/static/media/cookies-5.8659773d.jpg":"cca03f4905ce19403a5b057e683f0384426bb107d59164dbd167eb17241fa36f","/static/media/don-4.9dee17cf.jpg":"5c121f8cc148afc8ea66e0b89ede0fcd96ca8c105c494dc5477da60726c310e3","/static/media/chris-3.bd391009.jpg":"b538f0bba1d0c453b665d0979880a8f6bbe6d451a3be84ce5fbffd0961589236","/static/media/don-2.2939fba0.jpg":"230966b710630d5fd504b90818b025958e558c5c42a7331b1a59daece1ef0abd","/static/media/cookies-4.38df5776.jpg":"cd4eb89e53ff631b6b15d2cebc1162955ebb472645027d5b08f7393b909c1d09","/static/media/vals-1.dc7f54ad.jpg":"dde56ff421936fe9b911243962395174ed78a5420c77d36e922838c3812eb7e7","/static/media/vals-4.6af62591.jpg":"3209ce78e9c990b30ba4f7967aac58b310cdde27854ca23f8e87f442a513dccf","/static/media/pans-1.15c21be4.jpg":"048d71d7cd38b3ca039f18ecab4d30a5cd130218ef999bb2c6c8aba9fc0fd713","/static/media/cookies-1.4aa603a9.jpg":"6f81ba236bbdc46c17dafec58ba156d7ffdc8f9f63509856dee92a3f06cfa81d","/static/media/cookies-2.23da84b8.jpg":"11fce1cf04fc75a953bd39558d6ec41cf89f193d2088e4c856980d9c6749c0c6","/static/media/pans-2.45918492.jpg":"9676cd6a25744b00cfc4689e0b8dfd68dfc354451fa0a419a0dc9527430d3bd5","/static/js/2.7be38b2a.chunk.js.map":"10cf11114eb4d2d4d808fa03b419a7e64b2b1e5eda6799810448b076e1832be0"}}
[debug] [2021-04-22T22:15:20.932Z] <<< [apiv2][status] POST https://firebasehosting.googleapis.com/v1beta1/sites/home-of-flavours/versions/9347510b0981cf64:populateFiles 200
[debug] [2021-04-22T22:15:20.933Z] <<< [apiv2][body] POST https://firebasehosting.googleapis.com/v1beta1/sites/home-of-flavours/versions/9347510b0981cf64:populateFiles {"uploadRequiredHashes":["8745883daec2592bdb825cc406caffe3c5ba694ce3bc2190d16cb53cf58a2fed","5d972cecf9c89b6c132e9b91824c420627fed843a6735bb63e68d8d0ea553593","9afad0f396ebbbae597cce675b19f580436a726b274529b069a5390e50f31a3a","08738c11e9105f32193e606456a0c218ad7b6416a3564a0ed2f6256ecbf3fb79","c793876958d1e7e7556f8e7590bcf1c92bbb269ef88970b45476a0ab1f4fbfb9","10cf11114eb4d2d4d808fa03b419a7e64b2b1e5eda6799810448b076e1832be0","9377c3587f39893df9894658aa7b91cfa9084d3a191d326fbd4074709634d9d6","5e9d3ad3ae7219f71a3d3ed6935c5bf358a331ba14b440c3773e6a172856b4ed"],"uploadUrl":"https://upload-firebasehosting.googleapis.com/upload/sites/home-of-flavours/versions/9347510b0981cf64/files"}
[debug] [2021-04-22T22:15:20.943Z] >>> [apiv2][query] POST https://upload-firebasehosting.googleapis.com/upload/sites/home-of-flavours/versions/9347510b0981cf64/files/8745883daec2592bdb825cc406caffe3c5ba694ce3bc2190d16cb53cf58a2fed [none]
[debug] [2021-04-22T22:15:20.943Z] >>> [apiv2][body] POST https://upload-firebasehosting.googleapis.com/upload/sites/home-of-flavours/versions/9347510b0981cf64/files/8745883daec2592bdb825cc406caffe3c5ba694ce3bc2190d16cb53cf58a2fed [stream]
[debug] [2021-04-22T22:15:20.945Z] >>> [apiv2][query] POST https://upload-firebasehosting.googleapis.com/upload/sites/home-of-flavours/versions/9347510b0981cf64/files/5d972cecf9c89b6c132e9b91824c420627fed843a6735bb63e68d8d0ea553593 [none]
[debug] [2021-04-22T22:15:20.945Z] >>> [apiv2][body] POST https://upload-firebasehosting.googleapis.com/upload/sites/home-of-flavours/versions/9347510b0981cf64/files/5d972cecf9c89b6c132e9b91824c420627fed843a6735bb63e68d8d0ea553593 [stream]
[debug] [2021-04-22T22:15:20.948Z] >>> [apiv2][query] POST https://upload-firebasehosting.googleapis.com/upload/sites/home-of-flavours/versions/9347510b0981cf64/files/9afad0f396ebbbae597cce675b19f580436a726b274529b069a5390e50f31a3a [none]
[debug] [2021-04-22T22:15:20.949Z] >>> [apiv2][body] POST https://upload-firebasehosting.googleapis.com/upload/sites/home-of-flavours/versions/9347510b0981cf64/files/9afad0f396ebbbae597cce675b19f580436a726b274529b069a5390e50f31a3a [stream]
[debug] [2021-04-22T22:15:20.950Z] >>> [apiv2][query] POST https://upload-firebasehosting.googleapis.com/upload/sites/home-of-flavours/versions/9347510b0981cf64/files/08738c11e9105f32193e606456a0c218ad7b6416a3564a0ed2f6256ecbf3fb79 [none]
[debug] [2021-04-22T22:15:20.950Z] >>> [apiv2][body] POST https://upload-firebasehosting.googleapis.com/upload/sites/home-of-flavours/versions/9347510b0981cf64/files/08738c11e9105f32193e606456a0c218ad7b6416a3564a0ed2f6256ecbf3fb79 [stream]
[debug] [2021-04-22T22:15:20.952Z] >>> [apiv2][query] POST https://upload-firebasehosting.googleapis.com/upload/sites/home-of-flavours/versions/9347510b0981cf64/files/c793876958d1e7e7556f8e7590bcf1c92bbb269ef88970b45476a0ab1f4fbfb9 [none]
[debug] [2021-04-22T22:15:20.952Z] >>> [apiv2][body] POST https://upload-firebasehosting.googleapis.com/upload/sites/home-of-flavours/versions/9347510b0981cf64/files/c793876958d1e7e7556f8e7590bcf1c92bbb269ef88970b45476a0ab1f4fbfb9 [stream]
[debug] [2021-04-22T22:15:20.954Z] >>> [apiv2][query] POST https://upload-firebasehosting.googleapis.com/upload/sites/home-of-flavours/versions/9347510b0981cf64/files/10cf11114eb4d2d4d808fa03b419a7e64b2b1e5eda6799810448b076e1832be0 [none]
[debug] [2021-04-22T22:15:20.954Z] >>> [apiv2][body] POST https://upload-firebasehosting.googleapis.com/upload/sites/home-of-flavours/versions/9347510b0981cf64/files/10cf11114eb4d2d4d808fa03b419a7e64b2b1e5eda6799810448b076e1832be0 [stream]
[debug] [2021-04-22T22:15:20.956Z] >>> [apiv2][query] POST https://upload-firebasehosting.googleapis.com/upload/sites/home-of-flavours/versions/9347510b0981cf64/files/9377c3587f39893df9894658aa7b91cfa9084d3a191d326fbd4074709634d9d6 [none]
[debug] [2021-04-22T22:15:20.956Z] >>> [apiv2][body] POST https://upload-firebasehosting.googleapis.com/upload/sites/home-of-flavours/versions/9347510b0981cf64/files/9377c3587f39893df9894658aa7b91cfa9084d3a191d326fbd4074709634d9d6 [stream]
[debug] [2021-04-22T22:15:20.960Z] >>> [apiv2][query] POST https://upload-firebasehosting.googleapis.com/upload/sites/home-of-flavours/versions/9347510b0981cf64/files/5e9d3ad3ae7219f71a3d3ed6935c5bf358a331ba14b440c3773e6a172856b4ed [none]
[debug] [2021-04-22T22:15:20.960Z] >>> [apiv2][body] POST https://upload-firebasehosting.googleapis.com/upload/sites/home-of-flavours/versions/9347510b0981cf64/files/5e9d3ad3ae7219f71a3d3ed6935c5bf358a331ba14b440c3773e6a172856b4ed [stream]
[debug] [2021-04-22T22:15:20.961Z] [hosting][populate queue][FINAL] {"max":2724,"min":2724,"avg":2724,"active":0,"complete":1,"success":1,"errored":0,"retried":0,"total":1,"elapsed":2743}
[debug] [2021-04-22T22:15:20.962Z] [hosting] uploads queued: 8
[debug] [2021-04-22T22:15:24.224Z] <<< [apiv2][status] POST https://upload-firebasehosting.googleapis.com/upload/sites/home-of-flavours/versions/9347510b0981cf64/files/5d972cecf9c89b6c132e9b91824c420627fed843a6735bb63e68d8d0ea553593 200
[debug] [2021-04-22T22:15:24.225Z] <<< [apiv2][body] POST https://upload-firebasehosting.googleapis.com/upload/sites/home-of-flavours/versions/9347510b0981cf64/files/5d972cecf9c89b6c132e9b91824c420627fed843a6735bb63e68d8d0ea553593 [stream]
[debug] [2021-04-22T22:15:24.329Z] <<< [apiv2][status] POST https://upload-firebasehosting.googleapis.com/upload/sites/home-of-flavours/versions/9347510b0981cf64/files/9377c3587f39893df9894658aa7b91cfa9084d3a191d326fbd4074709634d9d6 200
[debug] [2021-04-22T22:15:24.329Z] <<< [apiv2][body] POST https://upload-firebasehosting.googleapis.com/upload/sites/home-of-flavours/versions/9347510b0981cf64/files/9377c3587f39893df9894658aa7b91cfa9084d3a191d326fbd4074709634d9d6 [stream]
[debug] [2021-04-22T22:15:24.508Z] <<< [apiv2][status] POST https://upload-firebasehosting.googleapis.com/upload/sites/home-of-flavours/versions/9347510b0981cf64/files/9afad0f396ebbbae597cce675b19f580436a726b274529b069a5390e50f31a3a 200
[debug] [2021-04-22T22:15:24.508Z] <<< [apiv2][body] POST https://upload-firebasehosting.googleapis.com/upload/sites/home-of-flavours/versions/9347510b0981cf64/files/9afad0f396ebbbae597cce675b19f580436a726b274529b069a5390e50f31a3a [stream]
